<?xml version="1.0" encoding="UTF-8"?>
<!-- Generated by org.testng.reporters.JUnitXMLReporter -->
<testsuite hostname="DESKTOP-R3LUB47" failures="0" tests="2" name="Test" time="5.497" errors="0" timestamp="12 May 2020 09:56:20 GMT">
  <testcase classname="Learning.Learning.home_Driver" name="@BeforeTest beforeTest" time="0.0">
    <failure type="org.openqa.selenium.UnsupportedCommandException" message="Misconfigured -- Invalid type received for &amp;apos;version&amp;apos;, got &amp;apos;80.0&amp;apos; of type &amp;apos;&amp;lt;type &amp;apos;float&amp;apos;&amp;gt;&amp;apos; but Sauce OnDemand expects &amp;apos;string&amp;apos;.

The following desired capabilities were received:
{&amp;apos;browserName&amp;apos;: &amp;apos;chrome&amp;apos;,
 &amp;apos;platform&amp;apos;: &amp;apos;Win10&amp;apos;,
 &amp;apos;version&amp;apos;: 80.0}
Command duration or timeout: 4.99 seconds
Build info: version: &amp;apos;2.45.0&amp;apos;, revision: &amp;apos;5017cb8e7ca8e37638dc3091b2440b90a1d8686f&amp;apos;, time: &amp;apos;2015-02-27 09:10:26&amp;apos;
System info: host: &amp;apos;DESKTOP-R3LUB47&amp;apos;, ip: &amp;apos;192.168.0.104&amp;apos;, os.name: &amp;apos;Windows 10&amp;apos;, os.arch: &amp;apos;amd64&amp;apos;, os.version: &amp;apos;10.0&amp;apos;, java.version: &amp;apos;14.0.1&amp;apos;
Driver info: org.openqa.selenium.remote.RemoteWebDriver">
      <![CDATA[org.openqa.selenium.UnsupportedCommandException: Misconfigured -- Invalid type received for 'version', got '80.0' of type '<type 'float'>' but Sauce OnDemand expects 'string'.

The following desired capabilities were received:
{'browserName': 'chrome',
 'platform': 'Win10',
 'version': 80.0}
Command duration or timeout: 4.99 seconds
Build info: version: '2.45.0', revision: '5017cb8e7ca8e37638dc3091b2440b90a1d8686f', time: '2015-02-27 09:10:26'
System info: host: 'DESKTOP-R3LUB47', ip: '192.168.0.104', os.name: 'Windows 10', os.arch: 'amd64', os.version: '10.0', java.version: '14.0.1'
Driver info: org.openqa.selenium.remote.RemoteWebDriver
	at org.openqa.selenium.remote.ErrorHandler.createThrowable(ErrorHandler.java:204)
	at org.openqa.selenium.remote.ErrorHandler.throwIfResponseFailed(ErrorHandler.java:156)
	at org.openqa.selenium.remote.RemoteWebDriver.execute(RemoteWebDriver.java:599)
	at org.openqa.selenium.remote.RemoteWebDriver.startSession(RemoteWebDriver.java:240)
	at org.openqa.selenium.remote.RemoteWebDriver.<init>(RemoteWebDriver.java:126)
	at org.openqa.selenium.remote.RemoteWebDriver.<init>(RemoteWebDriver.java:153)
	at reusableComponent.reusablemethods.browserSetup(reusablemethods.java:31)
	at Learning.Learning.home_Driver.beforeTest(home_Driver.java:34)
... Removed 30 stack frames]]>
    </failure>
  </testcase> <!-- @BeforeTest beforeTest -->
  <testcase classname="Learning.Learning.home_Driver" name="@AfterMethod afterMethod" time="0.0">
    <skipped/>
  </testcase> <!-- @AfterMethod afterMethod -->
  <testcase classname="Learning.Learning.home_Driver" name="@AfterMethod afterMethod" time="0.0">
    <skipped/>
  </testcase> <!-- @AfterMethod afterMethod -->
  <testcase classname="Learning.Learning.home_Driver" name="@AfterTest afterTest" time="0.0">
    <skipped/>
  </testcase> <!-- @AfterTest afterTest -->
  <testcase classname="Learning.Learning.home_Driver" name="f" time="0.001">
    <skipped/>
  </testcase> <!-- f -->
  <testcase classname="Learning.Learning.home_Driver" name="f" time="0.001">
    <skipped/>
  </testcase> <!-- f -->
</testsuite> <!-- Test -->
